<?xml version="1.0" encoding="UTF-8"?>
<!-- Generated by org.testng.reporters.JUnitXMLReporter -->
<testsuite ignored="0" hostname="Aipeeris-MBP.hsd1.il.comcast.net" failures="0" tests="2" name="Surefire test" time="25.091" errors="0" timestamp="2024-07-26T20:20:57 CDT">
  <testcase classname="io.cucumber.testng.AbstractTestNGCucumberTests" name="runScenario" time="11.712"/>
  <testcase classname="io.cucumber.testng.AbstractTestNGCucumberTests" name="runScenario" time="10.496"/>
</testsuite> <!-- Surefire test -->
