<?xml version="1.0" encoding="UTF-8"?>
<testng-results ignored="0" total="2" passed="2" failed="0" skipped="0">
  <reporter-output>
  </reporter-output>
  <suite started-at="2024-07-20T12:53:03 CDT" name="Surefire suite" finished-at="2024-07-20T12:53:28 CDT" duration-ms="24876">
    <groups>
      <group name="cucumber">
        <method signature="AbstractTestNGCucumberTests.runScenario(io.cucumber.testng.PickleWrapper,io.cucumber.testng.FeatureWrapper)[pri:0, instance:tech_state_cucumber.runners.MyTestNGRunnerTest@58ea606c]" name="runScenario" class="io.cucumber.testng.AbstractTestNGCucumberTests"/>
      </group> <!-- cucumber -->
    </groups>
    <test started-at="2024-07-20T12:53:03 CDT" name="Surefire test" finished-at="2024-07-20T12:53:28 CDT" duration-ms="24876">
      <class name="tech_state_cucumber.runners.MyTestNGRunnerTest">
        <test-method is-config="true" signature="setUpClass(org.testng.ITestContext)[pri:0, instance:tech_state_cucumber.runners.MyTestNGRunnerTest@58ea606c]" started-at="2024-07-20T12:53:03 CDT" name="setUpClass" finished-at="2024-07-20T12:53:03 CDT" duration-ms="261" status="PASS">
          <params>
            <param index="0">
              <value>
                <![CDATA[org.testng.TestRunner@5d9d2119]]>
              </value>
            </param>
          </params>
          <reporter-output>
          </reporter-output>
        </test-method> <!-- setUpClass -->
        <test-method signature="runScenario(io.cucumber.testng.PickleWrapper,io.cucumber.testng.FeatureWrapper)[pri:0, instance:tech_state_cucumber.runners.MyTestNGRunnerTest@58ea606c]" started-at="2024-07-20T12:53:03 CDT" name="runScenario" description="Runs Cucumber Scenarios" data-provider="scenarios" finished-at="2024-07-20T12:53:15 CDT" duration-ms="12007" status="PASS">
          <params>
            <param index="0">
              <value>
                <![CDATA["Add one quantity from Store"]]>
              </value>
            </param>
            <param index="1">
              <value>
                <![CDATA["Optional[Add to cart]"]]>
              </value>
            </param>
          </params>
          <reporter-output>
          </reporter-output>
        </test-method> <!-- runScenario -->
        <test-method signature="runScenario(io.cucumber.testng.PickleWrapper,io.cucumber.testng.FeatureWrapper)[pri:0, instance:tech_state_cucumber.runners.MyTestNGRunnerTest@58ea606c]" started-at="2024-07-20T12:53:15 CDT" name="runScenario" description="Runs Cucumber Scenarios" data-provider="scenarios" finished-at="2024-07-20T12:53:26 CDT" duration-ms="10815" status="PASS">
          <params>
            <param index="0">
              <value>
                <![CDATA["Add one quantity from Store"]]>
              </value>
            </param>
            <param index="1">
              <value>
                <![CDATA["Optional[Add to cart]"]]>
              </value>
            </param>
          </params>
          <reporter-output>
          </reporter-output>
        </test-method> <!-- runScenario -->
        <test-method is-config="true" signature="tearDownClass()[pri:0, instance:tech_state_cucumber.runners.MyTestNGRunnerTest@58ea606c]" started-at="2024-07-20T12:53:26 CDT" name="tearDownClass" finished-at="2024-07-20T12:53:28 CDT" duration-ms="1781" status="PASS">
          <reporter-output>
          </reporter-output>
        </test-method> <!-- tearDownClass -->
      </class> <!-- tech_state_cucumber.runners.MyTestNGRunnerTest -->
    </test> <!-- Surefire test -->
  </suite> <!-- Surefire suite -->
</testng-results>
