<?xml version="1.0" encoding="UTF-8"?>
<testng-results ignored="0" total="3" passed="3" failed="0" skipped="0">
  <reporter-output>
  </reporter-output>
  <suite started-at="2024-07-20T00:25:33 CDT" name="Surefire suite" finished-at="2024-07-20T00:26:01 CDT" duration-ms="28385">
    <groups>
      <group name="cucumber">
        <method signature="AbstractTestNGCucumberTests.runScenario(io.cucumber.testng.PickleWrapper,io.cucumber.testng.FeatureWrapper)[pri:0, instance:tech_state_cucumber.runners.MyTestNGRunnerTest@5b94b04d]" name="runScenario" class="io.cucumber.testng.AbstractTestNGCucumberTests"/>
      </group> <!-- cucumber -->
    </groups>
    <test started-at="2024-07-20T00:25:33 CDT" name="Surefire test" finished-at="2024-07-20T00:26:01 CDT" duration-ms="28385">
      <class name="tech_state_cucumber.runners.MyTestNGRunnerTest">
        <test-method is-config="true" signature="setUpClass(org.testng.ITestContext)[pri:0, instance:tech_state_cucumber.runners.MyTestNGRunnerTest@5b94b04d]" started-at="2024-07-20T00:25:33 CDT" name="setUpClass" finished-at="2024-07-20T00:25:33 CDT" duration-ms="258" status="PASS">
          <params>
            <param index="0">
              <value>
                <![CDATA[org.testng.TestRunner@3ea6faf0]]>
              </value>
            </param>
          </params>
          <reporter-output>
          </reporter-output>
        </test-method> <!-- setUpClass -->
        <test-method signature="runScenario(io.cucumber.testng.PickleWrapper,io.cucumber.testng.FeatureWrapper)[pri:0, instance:tech_state_cucumber.runners.MyTestNGRunnerTest@5b94b04d]" started-at="2024-07-20T00:25:33 CDT" name="runScenario" description="Runs Cucumber Scenarios" data-provider="scenarios" finished-at="2024-07-20T00:25:36 CDT" duration-ms="2892" status="PASS">
          <params>
            <param index="0">
              <value>
                <![CDATA["Boarding new customer"]]>
              </value>
            </param>
            <param index="1">
              <value>
                <![CDATA["Optional[Customer testing]"]]>
              </value>
            </param>
          </params>
          <reporter-output>
          </reporter-output>
        </test-method> <!-- runScenario -->
        <test-method signature="runScenario(io.cucumber.testng.PickleWrapper,io.cucumber.testng.FeatureWrapper)[pri:0, instance:tech_state_cucumber.runners.MyTestNGRunnerTest@5b94b04d]" started-at="2024-07-20T00:25:36 CDT" name="runScenario" description="Runs Cucumber Scenarios" data-provider="scenarios" finished-at="2024-07-20T00:25:49 CDT" duration-ms="12850" status="PASS">
          <params>
            <param index="0">
              <value>
                <![CDATA["Add one quantity from Store"]]>
              </value>
            </param>
            <param index="1">
              <value>
                <![CDATA["Optional[Add to cart]"]]>
              </value>
            </param>
          </params>
          <reporter-output>
          </reporter-output>
        </test-method> <!-- runScenario -->
        <test-method signature="runScenario(io.cucumber.testng.PickleWrapper,io.cucumber.testng.FeatureWrapper)[pri:0, instance:tech_state_cucumber.runners.MyTestNGRunnerTest@5b94b04d]" started-at="2024-07-20T00:25:49 CDT" name="runScenario" description="Runs Cucumber Scenarios" data-provider="scenarios" finished-at="2024-07-20T00:25:59 CDT" duration-ms="9981" status="PASS">
          <params>
            <param index="0">
              <value>
                <![CDATA["Add one quantity from Store"]]>
              </value>
            </param>
            <param index="1">
              <value>
                <![CDATA["Optional[Add to cart]"]]>
              </value>
            </param>
          </params>
          <reporter-output>
          </reporter-output>
        </test-method> <!-- runScenario -->
        <test-method is-config="true" signature="tearDownClass()[pri:0, instance:tech_state_cucumber.runners.MyTestNGRunnerTest@5b94b04d]" started-at="2024-07-20T00:25:59 CDT" name="tearDownClass" finished-at="2024-07-20T00:26:01 CDT" duration-ms="2389" status="PASS">
          <reporter-output>
          </reporter-output>
        </test-method> <!-- tearDownClass -->
      </class> <!-- tech_state_cucumber.runners.MyTestNGRunnerTest -->
    </test> <!-- Surefire test -->
  </suite> <!-- Surefire suite -->
</testng-results>
