<?xml version="1.0" encoding="UTF-8"?>
<testsuite xmlns:xsi="http://www.w3.org/2001/XMLSchema-instance" xsi:noNamespaceSchemaLocation="https://maven.apache.org/surefire/maven-surefire-plugin/xsd/surefire-test-report-3.0.xsd" version="3.0" name="tech_state_cucumber.runners.MyJUnitRunnerTest" time="27.557" tests="3" errors="1" skipped="0" failures="0">
  <properties>
[...]
</properties>
  <testcase name="Add one quantity from Store #1" classname="Add to cart" time="13.056">
    <system-out><![CDATA[BEFORE: THREAD ID : 1,SCENARIO NAME: Add one quantity from Store
AFTER: THREAD ID : 1,SCENARIO NAME: Add one quantity from Store
]]></system-out>
    <system-err><![CDATA[Jul 20, 2024 1:21:06 PM org.openqa.selenium.devtools.CdpVersionFinder findNearestMatch
WARNING: Unable to find an exact match for CDP version 126, returning the closest version; found: 123; Please update to a Selenium version that supports CDP version 126
]]></system-err>
  </testcase>
  <testcase name="Add one quantity from Store #2" classname="Add to cart" time="12.677">
    <system-out><![CDATA[BEFORE: THREAD ID : 1,SCENARIO NAME: Add one quantity from Store
AFTER: THREAD ID : 1,SCENARIO NAME: Add one quantity from Store
]]></system-out>
    <system-err><![CDATA[Jul 20, 2024 1:21:19 PM org.openqa.selenium.devtools.CdpVersionFinder findNearestMatch
WARNING: Unable to find an exact match for CDP version 126, returning the closest version; found: 123; Please update to a Selenium version that supports CDP version 126
]]></system-err>
  </testcase>
  <testcase name="" classname="tech_state_cucumber.runners.MyJUnitRunnerTest" time="14.208">
    <error message="Given file &apos;./target/cucumber&apos; doesn&apos;t exist!" type="org.zeroturnaround.zip.ZipException"><![CDATA[org.zeroturnaround.zip.ZipException: Given file './target/cucumber' doesn't exist!
]]></error>
    <system-err><![CDATA[SLF4J: Failed to load class "org.slf4j.impl.StaticLoggerBinder".
SLF4J: Defaulting to no-operation (NOP) logger implementation
SLF4J: See http://www.slf4j.org/codes.html#StaticLoggerBinder for further details.
&amp#27;[32m&amp#27;[1m┌──────────────────────────────────────────────────────────────────────────┐&amp#27;[0m
&amp#27;[32m&amp#27;[1m│&amp#27;[0m View your Cucumber Report at:                                            &amp#27;[32m&amp#27;[1m│&amp#27;[0m
&amp#27;[32m&amp#27;[1m│&amp#27;[0m &amp#27;[1m&amp#27;[36m&amp#27;[4mhttps://reports.cucumber.io/reports/065ed218-4c7f-4d4e-8996-c07934a04115&amp#27;[0m &amp#27;[32m&amp#27;[1m│&amp#27;[0m
&amp#27;[32m&amp#27;[1m│&amp#27;[0m                                                                          &amp#27;[32m&amp#27;[1m│&amp#27;[0m
&amp#27;[32m&amp#27;[1m│&amp#27;[0m &amp#27;[1mThis report will self-destruct in 24h.&amp#27;[0m                                   &amp#27;[32m&amp#27;[1m│&amp#27;[0m
&amp#27;[32m&amp#27;[1m│&amp#27;[0m Keep reports forever: &amp#27;[4m&amp#27;[1m&amp#27;[36mhttps://reports.cucumber.io/profile&amp#27;[0m                &amp#27;[32m&amp#27;[1m│&amp#27;[0m
&amp#27;[32m&amp#27;[1m└──────────────────────────────────────────────────────────────────────────┘&amp#27;[0m]]></system-err>
  </testcase>
</testsuite>