<?xml version="1.0" encoding="UTF-8"?>
<testsuite xmlns:xsi="http://www.w3.org/2001/XMLSchema-instance" xsi:noNamespaceSchemaLocation="https://maven.apache.org/surefire/maven-surefire-plugin/xsd/surefire-test-report-3.0.xsd" version="3.0" name="TestSuite" time="28.39" tests="3" errors="0" skipped="0" failures="0">
  <properties>
[...]
</properties>
  <testcase name="runScenario[&quot;Boarding new customer&quot;, &quot;Optional[Customer testing]&quot;](1)" classname="tech_state_cucumber.runners.MyTestNGRunnerTest" time="2.72">
    <system-out><![CDATA[BEFORE: THREAD ID : 1,SCENARIO NAME: Boarding new customer
Headers:		Accept-Charset=UTF-8
				Accept=*/*
				Content-Type=application/json
HTTP/1.1 201 Created
Date: Sat, 20 Jul 2024 14:47:42 GMT
Content-Type: application/json; charset=utf-8
Content-Length: 14
Connection: keep-alive
Report-To: {"group":"heroku-nel","max_age":3600,"endpoints":[{"url":"https://nel.heroku.com/reports?ts=1721486862&sid=e11707d5-02a7-43ef-b45e-2cf4d2036f7d&s=mp7G3zNg1SwkzSpbKJg8clirW0vFkyrtC3HVVGEwipY%3D"}]}
Reporting-Endpoints: heroku-nel=https://nel.heroku.com/reports?ts=1721486862&sid=e11707d5-02a7-43ef-b45e-2cf4d2036f7d&s=mp7G3zNg1SwkzSpbKJg8clirW0vFkyrtC3HVVGEwipY%3D
Nel: {"report_to":"heroku-nel","max_age":3600,"success_fraction":0.005,"failure_fraction":0.05,"response_headers":["Via"]}
X-Powered-By: Express
X-Ratelimit-Limit: 1000
X-Ratelimit-Remaining: 999
X-Ratelimit-Reset: 1721486912
Vary: Origin, X-HTTP-Method-Override, Accept-Encoding
Access-Control-Allow-Credentials: true
Cache-Control: no-cache
Pragma: no-cache
Expires: -1
Access-Control-Expose-Headers: Location
Location: https://jsonplaceholder.typicode.com/users/11
X-Content-Type-Options: nosniff
Etag: W/"e-HA6WWAG/c4REvZ4q9d0N16BTb2A"
Via: 1.1 vegur
CF-Cache-Status: DYNAMIC
Server: cloudflare
CF-RAY: 8a63bf7a2bba5a58-IAD
alt-svc: h3=":443"; ma=86400

{
    "id": 11
}
AFTER: THREAD ID : 1,SCENARIO NAME: Boarding new customer
]]></system-out>
    <system-err><![CDATA[Jul 20, 2024 9:47:41 AM org.openqa.selenium.devtools.CdpVersionFinder findNearestMatch
WARNING: Unable to find an exact match for CDP version 126, returning the closest version; found: 123; Please update to a Selenium version that supports CDP version 126
]]></system-err>
  </testcase>
  <testcase name="runScenario[&quot;Add one quantity from Store&quot;, &quot;Optional[Add to cart]&quot;](2)" classname="tech_state_cucumber.runners.MyTestNGRunnerTest" time="11.399">
    <system-out><![CDATA[BEFORE: THREAD ID : 1,SCENARIO NAME: Add one quantity from Store
AFTER: THREAD ID : 1,SCENARIO NAME: Add one quantity from Store
]]></system-out>
    <system-err><![CDATA[Jul 20, 2024 9:47:43 AM org.openqa.selenium.devtools.CdpVersionFinder findNearestMatch
WARNING: Unable to find an exact match for CDP version 126, returning the closest version; found: 123; Please update to a Selenium version that supports CDP version 126
]]></system-err>
  </testcase>
  <testcase name="runScenario[&quot;Add one quantity from Store&quot;, &quot;Optional[Add to cart]&quot;](3)" classname="tech_state_cucumber.runners.MyTestNGRunnerTest" time="11.679">
    <system-out><![CDATA[BEFORE: THREAD ID : 1,SCENARIO NAME: Add one quantity from Store
AFTER: THREAD ID : 1,SCENARIO NAME: Add one quantity from Store
]]></system-out>
    <system-err><![CDATA[Jul 20, 2024 9:47:54 AM org.openqa.selenium.devtools.CdpVersionFinder findNearestMatch
WARNING: Unable to find an exact match for CDP version 126, returning the closest version; found: 123; Please update to a Selenium version that supports CDP version 126
]]></system-err>
  </testcase>
</testsuite>