<?xml version="1.0" encoding="UTF-8"?>
<!-- Generated by org.testng.reporters.JUnitReportReporter -->
<testsuite hostname="Aipeeris-MacBook-Pro.local" failures="0" tests="2" name="tech_state_cucumber.runners.MyTestNGRunnerTest" time="22.822" errors="0" timestamp="2024-07-20T12:53:28 CDT" skipped="0">
  <testcase classname="tech_state_cucumber.runners.MyTestNGRunnerTest" name="runScenario" time="10.815"/>
  <system-out/>
  <testcase classname="tech_state_cucumber.runners.MyTestNGRunnerTest" name="runScenario" time="12.007"/>
  <system-out/>
</testsuite> <!-- tech_state_cucumber.runners.MyTestNGRunnerTest -->
