<?xml version="1.0" encoding="UTF-8"?>
<!-- Generated by org.testng.reporters.JUnitReportReporter -->
<testsuite hostname="Aipeeris-MacBook-Pro.local" failures="0" tests="3" name="tech_state_cucumber.runners.MyTestNGRunnerTest" time="25.798" errors="0" timestamp="2024-07-20T09:48:07 CDT" skipped="0">
  <testcase classname="tech_state_cucumber.runners.MyTestNGRunnerTest" name="runScenario" time="2.719"/>
  <system-out/>
  <testcase classname="tech_state_cucumber.runners.MyTestNGRunnerTest" name="runScenario" time="11.400"/>
  <system-out/>
  <testcase classname="tech_state_cucumber.runners.MyTestNGRunnerTest" name="runScenario" time="11.679"/>
  <system-out/>
</testsuite> <!-- tech_state_cucumber.runners.MyTestNGRunnerTest -->
